-------------------------------------------------------------------------------
Test set: com.Final.ProyectoFinal.ProyectoFinalApplicationTests
-------------------------------------------------------------------------------
Tests run: 1, Failures: 0, Errors: 1, Skipped: 0, Time elapsed: 1.693 s <<< FAILURE! - in com.Final.ProyectoFinal.ProyectoFinalApplicationTests
contextLoads  Time elapsed: 0.014 s  <<< ERROR!
java.lang.IllegalStateException: Failed to load ApplicationContext for [WebMergedContextConfiguration@48df4071 testClass = com.Final.ProyectoFinal.ProyectoFinalApplicationTests, locations = [], classes = [com.Final.ProyectoFinal.ProyectoFinalApplication], contextInitializerClasses = [], activeProfiles = [], propertySourceLocations = [], propertySourceProperties = ["org.springframework.boot.test.context.SpringBootTestContextBootstrapper=true"], contextCustomizers = [org.springframework.boot.test.context.filter.ExcludeFilterContextCustomizer@48d61b48, org.springframework.boot.test.json.DuplicateJsonObjectContextCustomizerFactory$DuplicateJsonObjectContextCustomizer@176b75f7, org.springframework.boot.test.mock.mockito.MockitoContextCustomizer@0, org.springframework.boot.test.web.client.TestRestTemplateContextCustomizer@2d6c53fc, org.springframework.boot.test.autoconfigure.actuate.observability.ObservabilityContextCustomizerFactory$DisableObservabilityContextCustomizer@9da1, org.springframework.boot.test.autoconfigure.properties.PropertyMappingContextCustomizer@0, org.springframework.boot.test.autoconfigure.web.servlet.WebDriverContextCustomizerFactory$Customizer@2d778add, org.springframework.boot.test.context.SpringBootTestAnnotation@2e4db045], resourceBasePath = "src/main/webapp", contextLoader = org.springframework.boot.test.context.SpringBootContextLoader, parent = null]
Caused by: org.springframework.beans.factory.UnsatisfiedDependencyException: Error creating bean with name 'runner': Unsatisfied dependency expressed through field 'b': Error creating bean with name 'frame' defined in com.Final.ProyectoFinal.ProyectoFinalApplication: Failed to instantiate [Frames.Buscador]: Factory method 'frame' threw exception with message: null
Caused by: org.springframework.beans.factory.BeanCreationException: Error creating bean with name 'frame' defined in com.Final.ProyectoFinal.ProyectoFinalApplication: Failed to instantiate [Frames.Buscador]: Factory method 'frame' threw exception with message: null
Caused by: org.springframework.beans.BeanInstantiationException: Failed to instantiate [Frames.Buscador]: Factory method 'frame' threw exception with message: null
Caused by: java.awt.HeadlessException

